  main.cpp
F:\cse 2k19\4-2\cse-4208\projects\Assignment3\main.cpp(66,12): warning C4305: 'initializing': truncation from 'double' to 'float'
F:\cse 2k19\4-2\cse-4208\projects\Assignment3\main.cpp(66,25): warning C4305: 'initializing': truncation from 'double' to 'float'
F:\cse 2k19\4-2\cse-4208\projects\Assignment3\main.cpp(354,69): warning C4305: 'argument': truncation from 'double' to 'float'
F:\cse 2k19\4-2\cse-4208\projects\Assignment3\main.cpp(354,64): warning C4305: 'argument': truncation from 'double' to 'float'
F:\cse 2k19\4-2\cse-4208\projects\Assignment3\main.cpp(354,59): warning C4305: 'argument': truncation from 'double' to 'float'
F:\cse 2k19\4-2\cse-4208\projects\Assignment3\main.cpp(366,50): warning C4305: 'argument': truncation from 'double' to 'float'
F:\cse 2k19\4-2\cse-4208\projects\Assignment3\main.cpp(367,50): warning C4305: 'argument': truncation from 'double' to 'float'
F:\cse 2k19\4-2\cse-4208\projects\Assignment3\main.cpp(413,101): warning C4101: 'modelCentered': unreferenced local variable
F:\cse 2k19\4-2\cse-4208\projects\Assignment3\main.cpp(521,57): warning C4101: 'test': unreferenced local variable
F:\cse 2k19\4-2\cse-4208\projects\Assignment3\main.cpp(583,32): warning C4101: 'rotateXMatrix': unreferenced local variable
F:\cse 2k19\4-2\cse-4208\projects\Assignment3\main.cpp(583,97): warning C4101: 'modelCentered': unreferenced local variable
F:\cse 2k19\4-2\cse-4208\projects\Assignment3\main.cpp(583,62): warning C4101: 'rotateZMatrix': unreferenced local variable
F:\cse 2k19\4-2\cse-4208\projects\Assignment3\main.cpp(583,47): warning C4101: 'rotateYMatrix': unreferenced local variable
F:\cse 2k19\4-2\cse-4208\projects\Assignment3\main.cpp(820,15): warning C4101: 'rotateXMatrix': unreferenced local variable
F:\cse 2k19\4-2\cse-4208\projects\Assignment3\main.cpp(820,80): warning C4101: 'modelCentered': unreferenced local variable
F:\cse 2k19\4-2\cse-4208\projects\Assignment3\main.cpp(820,45): warning C4101: 'rotateZMatrix': unreferenced local variable
F:\cse 2k19\4-2\cse-4208\projects\Assignment3\main.cpp(820,30): warning C4101: 'rotateYMatrix': unreferenced local variable
F:\cse 2k19\4-2\cse-4208\projects\Assignment3\main.cpp(1223,77): warning C4101: 'scaleMatrix': unreferenced local variable
  Lab_2_provided.vcxproj -> F:\cse 2k19\4-2\cse-4208\projects\Assignment3\x64\Debug\Lab_2_provided.exe
