c:\users\user\desktop\lab_2_provided\lab_2_provided\x64\debug\vc143.pdb
c:\users\user\desktop\lab_2_provided\lab_2_provided\x64\debug\vc143.idb
c:\users\user\desktop\lab_2_provided\lab_2_provided\x64\debug\glad.obj
f:\cse 2k19\4-2\cse-4208\projects\assignment2\lab_2_provided\x64\debug\vc143.pdb
f:\cse 2k19\4-2\cse-4208\projects\assignment2\lab_2_provided\x64\debug\vc143.idb
f:\cse 2k19\4-2\cse-4208\projects\assignment2\lab_2_provided\x64\debug\main.obj
c:\users\user\desktop\lab_2_provided\x64\debug\lab_2_provided.exe
c:\users\user\desktop\lab_2_provided\x64\debug\lab_2_provided.pdb
f:\cse 2k19\4-2\cse-4208\projects\assignment2\x64\debug\lab_2_provided.exe
f:\cse 2k19\4-2\cse-4208\projects\assignment2\x64\debug\lab_2_provided.pdb
f:\cse 2k19\4-2\cse-4208\projects\assignment2\lab_2_provided\x64\debug\lab_2_provided.ilk
f:\cse 2k19\4-2\cse-4208\projects\assignment2\lab_2_provided\x64\debug\glad.obj
f:\cse 2k19\4-2\cse-4208\projects\assignment2\lab_2_provided\x64\debug\lab_2_provided.tlog\cl.command.1.tlog
f:\cse 2k19\4-2\cse-4208\projects\assignment2\lab_2_provided\x64\debug\lab_2_provided.tlog\cl.items.tlog
f:\cse 2k19\4-2\cse-4208\projects\assignment2\lab_2_provided\x64\debug\lab_2_provided.tlog\cl.read.1.tlog
f:\cse 2k19\4-2\cse-4208\projects\assignment2\lab_2_provided\x64\debug\lab_2_provided.tlog\cl.write.1.tlog
f:\cse 2k19\4-2\cse-4208\projects\assignment2\lab_2_provided\x64\debug\lab_2_provided.tlog\link.command.1.tlog
f:\cse 2k19\4-2\cse-4208\projects\assignment2\lab_2_provided\x64\debug\lab_2_provided.tlog\link.read.1.tlog
f:\cse 2k19\4-2\cse-4208\projects\assignment2\lab_2_provided\x64\debug\lab_2_provided.tlog\link.secondary.1.tlog
f:\cse 2k19\4-2\cse-4208\projects\assignment2\lab_2_provided\x64\debug\lab_2_provided.tlog\link.write.1.tlog
